<?xml version="1.0" encoding="UTF-8"?>
<!-- Generated by org.testng.reporters.JUnitXMLReporter -->
<testsuite ignored="0" hostname="DESKTOP-70F4JCP" failures="0" tests="20" name="Database Test" time="0.337" errors="0" timestamp="2022-08-02T08:40:19 EDT">
  <testcase classname="tests.StoredFunctionsTest" name="test_StoreFunctionExists" time="0.05"/>
  <testcase classname="tests.TriggersTest" name="test_After_Workcenters_Insert" time="0.068"/>
  <testcase classname="tests.DataValidationTest" name="test_Course_ID_PrimaryKey" time="0.074"/>
  <testcase classname="tests.DataValidationTest" name="test_Course_ID_NULL" time="0.011"/>
  <testcase classname="tests.TriggersTest" name="test_Before_Workcenters_Insert" time="0.081"/>
  <testcase classname="tests.TriggersTest" name="test_Before_Sales_Update" time="0.007"/>
  <testcase classname="tests.StoredFunctionsTest" name="test_CustomerLevel_With_Procedure" time="0.053"/>
  <testcase classname="tests.StoredFunctionsTest" name="test_CustomerLevel_Function" time="0.081"/>
  <testcase classname="tests.TriggersTest" name="test_After_Sales_Update" time="0.018"/>
  <testcase classname="tests.DataValidationTest" name="test_Course_Name_Unique" time="0.076"/>
  <testcase classname="tests.DataValidationTest" name="test_Course_Fee_Check" time="0.008"/>
  <testcase classname="tests.TriggersTest" name="test_Before_Salaries_Delete" time="0.02"/>
  <testcase classname="tests.DataValidationTest" name="test_Course_Duration_NULL" time="0.005"/>
  <testcase classname="tests.StoredProceduresTest" name="test_SelectAllCustomers_By_City_And_Pin" time="0.05"/>
  <testcase classname="tests.TriggersTest" name="test_After_Salaries_Delete" time="0.011"/>
  <testcase classname="tests.StoredProceduresTest" name="test_GetOrderByCustomer" time="0.03"/>
  <testcase classname="tests.StoredProceduresTest" name="test_SelectAllCustomers_By_City" time="0.11"/>
  <testcase classname="tests.StoredProceduresTest" name="test_StoreProcedureExists" time="0.269"/>
  <testcase classname="tests.StoredProceduresTest" name="test_GetCustomerShipping" time="0.026"/>
  <testcase classname="tests.StoredProceduresTest" name="test_SelectAllCustomers" time="0.213"/>
</testsuite> <!-- Database Test -->
