<?xml version="1.0" encoding="UTF-8"?>
<!-- Generated by org.testng.reporters.JUnitXMLReporter -->
<testsuite ignored="0" hostname="DESKTOP-70F4JCP" failures="0" tests="26" name="Command line test" time="13.277" errors="0" timestamp="2022-08-05T09:54:44 EDT">
  <testcase classname="tests.DataValidationTest" name="test_Course_ID_PrimaryKey" time="0.049"/>
  <testcase classname="tests.DataValidationTest" name="test_Course_ID_NULL" time="0.001"/>
  <testcase classname="tests.DataValidationTest" name="test_Course_Name_Unique" time="0.01"/>
  <testcase classname="tests.DataValidationTest" name="test_Course_Duration_NULL" time="0.003"/>
  <testcase classname="tests.DataValidationTest" name="test_Course_Fee_Check" time="0.003"/>
  <testcase classname="tests.DataValidationTest" name="test_Student_ID_PrimaryKey" time="0.01"/>
  <testcase classname="tests.DataValidationTest" name="test_Student_Name_NULL" time="0.002"/>
  <testcase classname="tests.DataValidationTest" name="test_Student_Age_Check" time="0.013"/>
  <testcase classname="tests.DataValidationTest" name="test_Student_CourseID_ForeignKey" time="0.003"/>
  <testcase classname="tests.SauceLabsDBTest" name="test_SauceLabs" time="1.99"/>
  <testcase classname="tests.SauceLabsDBTest" name="test_SauceLabs" time="2.455"/>
  <testcase classname="tests.StoredFunctionsTest" name="test_FunctionExists" time="0.03"/>
  <testcase classname="tests.StoredFunctionsTest" name="test_CustomerLevel_Function" time="0.029"/>
  <testcase classname="tests.StoredFunctionsTest" name="test_CustomerLevel_With_Procedure" time="0.046"/>
  <testcase classname="tests.StoredProceduresTest" name="test_StoreProcedureExists" time="0.012"/>
  <testcase classname="tests.StoredProceduresTest" name="test_SelectAllCustomers" time="0.028"/>
  <testcase classname="tests.StoredProceduresTest" name="test_SelectAllCustomers_By_City" time="0.01"/>
  <testcase classname="tests.StoredProceduresTest" name="test_SelectAllCustomers_By_City_And_Pin" time="0.011"/>
  <testcase classname="tests.StoredProceduresTest" name="test_GetOrderByCustomer" time="0.015"/>
  <testcase classname="tests.StoredProceduresTest" name="test_GetCustomerShipping" time="0.008"/>
  <testcase classname="tests.TriggersTest" name="test_Before_Workcenters_Insert" time="0.016"/>
  <testcase classname="tests.TriggersTest" name="test_After_Member_Insert" time="0.011"/>
  <testcase classname="tests.TriggersTest" name="test_Before_Sales_Update" time="0.006"/>
  <testcase classname="tests.TriggersTest" name="test_After_Sales_Update" time="0.005"/>
  <testcase classname="tests.TriggersTest" name="test_Before_Salaries_Delete" time="0.022"/>
  <testcase classname="tests.TriggersTest" name="test_After_Salaries_Delete" time="0.009"/>
</testsuite> <!-- Command line test -->
